[2024-04-25 15:42:40,602] {taskinstance.py:826} INFO - Dependencies all met for <TaskInstance: scraping_water_comparision.scraping_bigc 2024-04-25T15:40:24.889140+00:00 [queued]>
[2024-04-25 15:42:40,610] {taskinstance.py:826} INFO - Dependencies all met for <TaskInstance: scraping_water_comparision.scraping_bigc 2024-04-25T15:40:24.889140+00:00 [queued]>
[2024-04-25 15:42:40,610] {taskinstance.py:1017} INFO - 
--------------------------------------------------------------------------------
[2024-04-25 15:42:40,610] {taskinstance.py:1018} INFO - Starting attempt 2 of 2
[2024-04-25 15:42:40,610] {taskinstance.py:1019} INFO - 
--------------------------------------------------------------------------------
[2024-04-25 15:42:40,618] {taskinstance.py:1038} INFO - Executing <Task(BashOperator): scraping_bigc> on 2024-04-25T15:40:24.889140+00:00
[2024-04-25 15:42:40,620] {standard_task_runner.py:51} INFO - Started process 1337 to run task
[2024-04-25 15:42:40,622] {standard_task_runner.py:75} INFO - Running: ['airflow', 'tasks', 'run', 'scraping_water_comparision', 'scraping_bigc', '2024-04-25T15:40:24.889140+00:00', '--job-id', '5', '--pool', 'default_pool', '--raw', '--subdir', 'DAGS_FOLDER/datapipeline_dags.py', '--cfg-path', '/tmp/tmpqn08nnkc']
[2024-04-25 15:42:40,623] {standard_task_runner.py:76} INFO - Job 5: Subtask scraping_bigc
[2024-04-25 15:42:40,646] {logging_mixin.py:103} INFO - Running <TaskInstance: scraping_water_comparision.scraping_bigc 2024-04-25T15:40:24.889140+00:00 [running]> on host 0c9050f6668b
[2024-04-25 15:42:40,666] {taskinstance.py:1232} INFO - Exporting the following env vars:
AIRFLOW_CTX_DAG_OWNER=airflow
AIRFLOW_CTX_DAG_ID=scraping_water_comparision
AIRFLOW_CTX_TASK_ID=scraping_bigc
AIRFLOW_CTX_EXECUTION_DATE=2024-04-25T15:40:24.889140+00:00
AIRFLOW_CTX_DAG_RUN_ID=manual__2024-04-25T15:40:24.889140+00:00
[2024-04-25 15:42:40,666] {bash.py:135} INFO - Tmp dir root location: 
 /tmp
[2024-04-25 15:42:40,667] {bash.py:158} INFO - Running command: /opt/airflow/miniconda3/envs/bigc/bin/python  /opt/airflow/code/scrape_water_lotus.py
[2024-04-25 15:42:40,671] {bash.py:169} INFO - Output:
[2024-04-25 15:42:44,509] {bash.py:173} INFO - Start Scraping
[2024-04-25 15:42:44,509] {bash.py:173} INFO - Getting page 0
[2024-04-25 15:42:44,509] {bash.py:173} INFO - Getting page 1
[2024-04-25 15:42:44,509] {bash.py:173} INFO - Finish Scraping
[2024-04-25 15:42:44,510] {bash.py:173} INFO - Got 127 Sku
[2024-04-25 15:42:44,554] {bash.py:177} INFO - Command exited with return code 0
[2024-04-25 15:42:44,571] {taskinstance.py:1142} INFO - Marking task as SUCCESS. dag_id=scraping_water_comparision, task_id=scraping_bigc, execution_date=20240425T154024, start_date=20240425T154240, end_date=20240425T154244
[2024-04-25 15:42:44,591] {taskinstance.py:1195} INFO - 0 downstream tasks scheduled from follow-on schedule check
[2024-04-25 15:42:44,603] {local_task_job.py:118} INFO - Task exited with return code 0
