[2024-04-25 15:42:52,781] {taskinstance.py:826} INFO - Dependencies all met for <TaskInstance: scraping_water_comparision.matching_sku 2024-04-25T15:40:24.889140+00:00 [queued]>
[2024-04-25 15:42:52,789] {taskinstance.py:826} INFO - Dependencies all met for <TaskInstance: scraping_water_comparision.matching_sku 2024-04-25T15:40:24.889140+00:00 [queued]>
[2024-04-25 15:42:52,789] {taskinstance.py:1017} INFO - 
--------------------------------------------------------------------------------
[2024-04-25 15:42:52,790] {taskinstance.py:1018} INFO - Starting attempt 1 of 1
[2024-04-25 15:42:52,790] {taskinstance.py:1019} INFO - 
--------------------------------------------------------------------------------
[2024-04-25 15:42:52,800] {taskinstance.py:1038} INFO - Executing <Task(BashOperator): matching_sku> on 2024-04-25T15:40:24.889140+00:00
[2024-04-25 15:42:52,802] {standard_task_runner.py:51} INFO - Started process 3371 to run task
[2024-04-25 15:42:52,804] {standard_task_runner.py:75} INFO - Running: ['airflow', 'tasks', 'run', 'scraping_water_comparision', 'matching_sku', '2024-04-25T15:40:24.889140+00:00', '--job-id', '7', '--pool', 'default_pool', '--raw', '--subdir', 'DAGS_FOLDER/datapipeline_dags.py', '--cfg-path', '/tmp/tmphjhylw7u']
[2024-04-25 15:42:52,805] {standard_task_runner.py:76} INFO - Job 7: Subtask matching_sku
[2024-04-25 15:42:52,832] {logging_mixin.py:103} INFO - Running <TaskInstance: scraping_water_comparision.matching_sku 2024-04-25T15:40:24.889140+00:00 [running]> on host 0c9050f6668b
[2024-04-25 15:42:52,858] {taskinstance.py:1232} INFO - Exporting the following env vars:
AIRFLOW_CTX_DAG_OWNER=airflow
AIRFLOW_CTX_DAG_ID=scraping_water_comparision
AIRFLOW_CTX_TASK_ID=matching_sku
AIRFLOW_CTX_EXECUTION_DATE=2024-04-25T15:40:24.889140+00:00
AIRFLOW_CTX_DAG_RUN_ID=manual__2024-04-25T15:40:24.889140+00:00
[2024-04-25 15:42:52,858] {bash.py:135} INFO - Tmp dir root location: 
 /tmp
[2024-04-25 15:42:52,859] {bash.py:158} INFO - Running command: /opt/airflow/miniconda3/envs/bigc/bin/python  /opt/airflow/code/ingest_postgresql.py
[2024-04-25 15:42:52,863] {bash.py:169} INFO - Output:
[2024-04-25 15:42:52,871] {bash.py:173} INFO - /opt/airflow/miniconda3/envs/bigc/bin/python: can't open file '/opt/airflow/code/ingest_postgresql.py': [Errno 2] No such file or directory
[2024-04-25 15:42:52,872] {bash.py:177} INFO - Command exited with return code 2
[2024-04-25 15:42:52,878] {taskinstance.py:1396} ERROR - Bash command failed. The command returned a non-zero exit code.
Traceback (most recent call last):
  File "/home/airflow/.local/lib/python3.6/site-packages/airflow/models/taskinstance.py", line 1086, in _run_raw_task
    self._prepare_and_execute_task_with_callbacks(context, task)
  File "/home/airflow/.local/lib/python3.6/site-packages/airflow/models/taskinstance.py", line 1260, in _prepare_and_execute_task_with_callbacks
    result = self._execute_task(context, task_copy)
  File "/home/airflow/.local/lib/python3.6/site-packages/airflow/models/taskinstance.py", line 1300, in _execute_task
    result = task_copy.execute(context=context)
  File "/home/airflow/.local/lib/python3.6/site-packages/airflow/operators/bash.py", line 180, in execute
    raise AirflowException('Bash command failed. The command returned a non-zero exit code.')
airflow.exceptions.AirflowException: Bash command failed. The command returned a non-zero exit code.
[2024-04-25 15:42:52,880] {taskinstance.py:1440} INFO - Marking task as FAILED. dag_id=scraping_water_comparision, task_id=matching_sku, execution_date=20240425T154024, start_date=20240425T154252, end_date=20240425T154252
[2024-04-25 15:42:52,935] {local_task_job.py:118} INFO - Task exited with return code 1
