[2024-04-25 15:44:42,458] {taskinstance.py:826} INFO - Dependencies all met for <TaskInstance: scraping_water_comparision.matching_sku 2024-04-25T15:40:24.889140+00:00 [queued]>
[2024-04-25 15:44:42,465] {taskinstance.py:826} INFO - Dependencies all met for <TaskInstance: scraping_water_comparision.matching_sku 2024-04-25T15:40:24.889140+00:00 [queued]>
[2024-04-25 15:44:42,465] {taskinstance.py:1017} INFO - 
--------------------------------------------------------------------------------
[2024-04-25 15:44:42,465] {taskinstance.py:1018} INFO - Starting attempt 3 of 3
[2024-04-25 15:44:42,465] {taskinstance.py:1019} INFO - 
--------------------------------------------------------------------------------
[2024-04-25 15:44:42,478] {taskinstance.py:1038} INFO - Executing <Task(BashOperator): matching_sku> on 2024-04-25T15:40:24.889140+00:00
[2024-04-25 15:44:42,480] {standard_task_runner.py:51} INFO - Started process 927 to run task
[2024-04-25 15:44:42,482] {standard_task_runner.py:75} INFO - Running: ['airflow', 'tasks', 'run', 'scraping_water_comparision', 'matching_sku', '2024-04-25T15:40:24.889140+00:00', '--job-id', '11', '--pool', 'default_pool', '--raw', '--subdir', 'DAGS_FOLDER/datapipeline_dags.py', '--cfg-path', '/tmp/tmpiv_09j8d']
[2024-04-25 15:44:42,483] {standard_task_runner.py:76} INFO - Job 11: Subtask matching_sku
[2024-04-25 15:44:42,505] {logging_mixin.py:103} INFO - Running <TaskInstance: scraping_water_comparision.matching_sku 2024-04-25T15:40:24.889140+00:00 [running]> on host 0c9050f6668b
[2024-04-25 15:44:42,521] {taskinstance.py:1232} INFO - Exporting the following env vars:
AIRFLOW_CTX_DAG_OWNER=airflow
AIRFLOW_CTX_DAG_ID=scraping_water_comparision
AIRFLOW_CTX_TASK_ID=matching_sku
AIRFLOW_CTX_EXECUTION_DATE=2024-04-25T15:40:24.889140+00:00
AIRFLOW_CTX_DAG_RUN_ID=manual__2024-04-25T15:40:24.889140+00:00
[2024-04-25 15:44:42,521] {bash.py:135} INFO - Tmp dir root location: 
 /tmp
[2024-04-25 15:44:42,522] {bash.py:158} INFO - Running command: /opt/airflow/miniconda3/envs/bigc/bin/python  /opt/airflow/code/matching.py
[2024-04-25 15:44:42,526] {bash.py:169} INFO - Output:
[2024-04-25 15:44:42,757] {bash.py:173} INFO - Traceback (most recent call last):
[2024-04-25 15:44:42,758] {bash.py:173} INFO -   File "/opt/airflow/code/matching.py", line 48, in <module>
[2024-04-25 15:44:42,758] {bash.py:173} INFO -     bigC_df = pd.read_csv('bigc_water.csv')
[2024-04-25 15:44:42,758] {bash.py:173} INFO -   File "/opt/airflow/miniconda3/envs/bigc/lib/python3.8/site-packages/pandas/util/_decorators.py", line 211, in wrapper
[2024-04-25 15:44:42,758] {bash.py:173} INFO -     return func(*args, **kwargs)
[2024-04-25 15:44:42,758] {bash.py:173} INFO -   File "/opt/airflow/miniconda3/envs/bigc/lib/python3.8/site-packages/pandas/util/_decorators.py", line 331, in wrapper
[2024-04-25 15:44:42,759] {bash.py:173} INFO -     return func(*args, **kwargs)
[2024-04-25 15:44:42,759] {bash.py:173} INFO -   File "/opt/airflow/miniconda3/envs/bigc/lib/python3.8/site-packages/pandas/io/parsers/readers.py", line 950, in read_csv
[2024-04-25 15:44:42,759] {bash.py:173} INFO -     return _read(filepath_or_buffer, kwds)
[2024-04-25 15:44:42,759] {bash.py:173} INFO -   File "/opt/airflow/miniconda3/envs/bigc/lib/python3.8/site-packages/pandas/io/parsers/readers.py", line 605, in _read
[2024-04-25 15:44:42,759] {bash.py:173} INFO -     parser = TextFileReader(filepath_or_buffer, **kwds)
[2024-04-25 15:44:42,760] {bash.py:173} INFO -   File "/opt/airflow/miniconda3/envs/bigc/lib/python3.8/site-packages/pandas/io/parsers/readers.py", line 1442, in __init__
[2024-04-25 15:44:42,760] {bash.py:173} INFO -     self._engine = self._make_engine(f, self.engine)
[2024-04-25 15:44:42,760] {bash.py:173} INFO -   File "/opt/airflow/miniconda3/envs/bigc/lib/python3.8/site-packages/pandas/io/parsers/readers.py", line 1735, in _make_engine
[2024-04-25 15:44:42,760] {bash.py:173} INFO -     self.handles = get_handle(
[2024-04-25 15:44:42,760] {bash.py:173} INFO -   File "/opt/airflow/miniconda3/envs/bigc/lib/python3.8/site-packages/pandas/io/common.py", line 856, in get_handle
[2024-04-25 15:44:42,761] {bash.py:173} INFO -     handle = open(
[2024-04-25 15:44:42,761] {bash.py:173} INFO - FileNotFoundError: [Errno 2] No such file or directory: 'bigc_water.csv'
[2024-04-25 15:44:42,801] {bash.py:177} INFO - Command exited with return code 1
[2024-04-25 15:44:42,807] {taskinstance.py:1396} ERROR - Bash command failed. The command returned a non-zero exit code.
Traceback (most recent call last):
  File "/home/airflow/.local/lib/python3.6/site-packages/airflow/models/taskinstance.py", line 1086, in _run_raw_task
    self._prepare_and_execute_task_with_callbacks(context, task)
  File "/home/airflow/.local/lib/python3.6/site-packages/airflow/models/taskinstance.py", line 1260, in _prepare_and_execute_task_with_callbacks
    result = self._execute_task(context, task_copy)
  File "/home/airflow/.local/lib/python3.6/site-packages/airflow/models/taskinstance.py", line 1300, in _execute_task
    result = task_copy.execute(context=context)
  File "/home/airflow/.local/lib/python3.6/site-packages/airflow/operators/bash.py", line 180, in execute
    raise AirflowException('Bash command failed. The command returned a non-zero exit code.')
airflow.exceptions.AirflowException: Bash command failed. The command returned a non-zero exit code.
[2024-04-25 15:44:42,808] {taskinstance.py:1440} INFO - Marking task as FAILED. dag_id=scraping_water_comparision, task_id=matching_sku, execution_date=20240425T154024, start_date=20240425T154442, end_date=20240425T154442
[2024-04-25 15:44:42,854] {local_task_job.py:118} INFO - Task exited with return code 1
