[2024-04-25 15:45:48,568] {taskinstance.py:826} INFO - Dependencies all met for <TaskInstance: scraping_water_comparision.matching_sku 2024-04-25T15:40:24.889140+00:00 [queued]>
[2024-04-25 15:45:48,578] {taskinstance.py:826} INFO - Dependencies all met for <TaskInstance: scraping_water_comparision.matching_sku 2024-04-25T15:40:24.889140+00:00 [queued]>
[2024-04-25 15:45:48,578] {taskinstance.py:1017} INFO - 
--------------------------------------------------------------------------------
[2024-04-25 15:45:48,578] {taskinstance.py:1018} INFO - Starting attempt 4 of 4
[2024-04-25 15:45:48,578] {taskinstance.py:1019} INFO - 
--------------------------------------------------------------------------------
[2024-04-25 15:45:48,585] {taskinstance.py:1038} INFO - Executing <Task(BashOperator): matching_sku> on 2024-04-25T15:40:24.889140+00:00
[2024-04-25 15:45:48,587] {standard_task_runner.py:51} INFO - Started process 658 to run task
[2024-04-25 15:45:48,588] {standard_task_runner.py:75} INFO - Running: ['airflow', 'tasks', 'run', 'scraping_water_comparision', 'matching_sku', '2024-04-25T15:40:24.889140+00:00', '--job-id', '13', '--pool', 'default_pool', '--raw', '--subdir', 'DAGS_FOLDER/datapipeline_dags.py', '--cfg-path', '/tmp/tmpwe48q53p']
[2024-04-25 15:45:48,590] {standard_task_runner.py:76} INFO - Job 13: Subtask matching_sku
[2024-04-25 15:45:48,612] {logging_mixin.py:103} INFO - Running <TaskInstance: scraping_water_comparision.matching_sku 2024-04-25T15:40:24.889140+00:00 [running]> on host 0c9050f6668b
[2024-04-25 15:45:48,630] {taskinstance.py:1232} INFO - Exporting the following env vars:
AIRFLOW_CTX_DAG_OWNER=airflow
AIRFLOW_CTX_DAG_ID=scraping_water_comparision
AIRFLOW_CTX_TASK_ID=matching_sku
AIRFLOW_CTX_EXECUTION_DATE=2024-04-25T15:40:24.889140+00:00
AIRFLOW_CTX_DAG_RUN_ID=manual__2024-04-25T15:40:24.889140+00:00
[2024-04-25 15:45:48,631] {bash.py:135} INFO - Tmp dir root location: 
 /tmp
[2024-04-25 15:45:48,631] {bash.py:158} INFO - Running command: /opt/airflow/miniconda3/envs/bigc/bin/python  /opt/airflow/code/matching.py
[2024-04-25 15:45:48,635] {bash.py:169} INFO - Output:
[2024-04-25 15:45:48,936] {bash.py:173} INFO - 0
[2024-04-25 15:45:48,936] {bash.py:173} INFO - big c: คริสตัลน้ำดื่ม
[2024-04-25 15:45:48,936] {bash.py:173} INFO - Low Score
[2024-04-25 15:45:48,936] {bash.py:173} INFO - 1
[2024-04-25 15:45:48,937] {bash.py:173} INFO - big c: มิเนเร่น้ำแร่ธรรมชาติ
[2024-04-25 15:45:48,937] {bash.py:173} INFO - Matching
[2024-04-25 15:45:48,937] {bash.py:173} INFO - 74
[2024-04-25 15:45:48,937] {bash.py:173} INFO - มิเนเร่น้ำเเร่ธรรมชาติ330มล. แพ็ค 12
[2024-04-25 15:45:48,937] {bash.py:173} INFO - 2
[2024-04-25 15:45:48,937] {bash.py:173} INFO - big c: คริสตัลน้ำดื่ม
[2024-04-25 15:45:48,937] {bash.py:173} INFO - Low Score
[2024-04-25 15:45:48,937] {bash.py:173} INFO - 3
[2024-04-25 15:45:48,938] {bash.py:173} INFO - big c: เปอริเอ้น้ำแร่อัดลมรสสตรอเบอร์รี่
[2024-04-25 15:45:48,938] {bash.py:173} INFO - Matching
[2024-04-25 15:45:48,938] {bash.py:173} INFO - 125
[2024-04-25 15:45:48,938] {bash.py:173} INFO - เปอริเอ้ น้ำแร่อัดก๊าซ สตรอเบอร์รี่ 250 มล.
[2024-04-25 15:45:48,938] {bash.py:173} INFO - 4
[2024-04-25 15:45:48,938] {bash.py:173} INFO - big c: ออร่าน้ำดื่ม
[2024-04-25 15:45:48,938] {bash.py:173} INFO - Low Score
[2024-04-25 15:45:48,938] {bash.py:173} INFO - 5
[2024-04-25 15:45:48,938] {bash.py:173} INFO - big c: อควาปานน่าน้ำแร่ธรรมชาติจากเทือกเขาแอเพนนาย
[2024-04-25 15:45:48,938] {bash.py:173} INFO - Low Score
[2024-04-25 15:45:48,939] {bash.py:173} INFO - 6
[2024-04-25 15:45:48,939] {bash.py:173} INFO - big c: ซานเบเนเดตโตน้ำแร่ธรรมชาติเวนิซชนิดไม่เป็นฟอง
[2024-04-25 15:45:48,939] {bash.py:173} INFO - Low Score
[2024-04-25 15:45:48,939] {bash.py:173} INFO - 7
[2024-04-25 15:45:48,939] {bash.py:173} INFO - big c: วอลวิกน้ำแร่ธรรมชาติ
[2024-04-25 15:45:48,939] {bash.py:173} INFO - Matching
[2024-04-25 15:45:48,939] {bash.py:173} INFO - 103
[2024-04-25 15:45:48,939] {bash.py:173} INFO - วอลวิกน้ำแร่ธรรมชาติ 1500มล.
[2024-04-25 15:45:48,939] {bash.py:173} INFO - 8
[2024-04-25 15:45:48,940] {bash.py:173} INFO - big c: เปอริเอ้น้ำดื่มน้ำแร่ธรรมชาติชนิดมีฟอง()
[2024-04-25 15:45:48,940] {bash.py:173} INFO - Low Score
[2024-04-25 15:45:48,940] {bash.py:173} INFO - 9
[2024-04-25 15:45:48,940] {bash.py:173} INFO - big c: มิเนเร่น้ำแร่ธรรมชาติ100%
[2024-04-25 15:45:48,940] {bash.py:173} INFO - Low Score
[2024-04-25 15:45:48,940] {bash.py:173} INFO - 10
[2024-04-25 15:45:48,940] {bash.py:173} INFO - big c: เวลล์สปริงน้ำแร่ธรรมชาติ
[2024-04-25 15:45:48,940] {bash.py:173} INFO - Low Score
[2024-04-25 15:45:48,940] {bash.py:173} INFO - 11
[2024-04-25 15:45:48,940] {bash.py:173} INFO - big c: เวลล์สปริงน้ำแร่ธรรมชาติ
[2024-04-25 15:45:48,941] {bash.py:173} INFO - Low Score
[2024-04-25 15:45:48,941] {bash.py:173} INFO - 12
[2024-04-25 15:45:48,941] {bash.py:173} INFO - big c: บิ๊กซีแฮปปี้ไพรซ์โปรน้ำดื่ม
[2024-04-25 15:45:48,941] {bash.py:173} INFO - Low Score
[2024-04-25 15:45:48,941] {bash.py:173} INFO - 13
[2024-04-25 15:45:48,941] {bash.py:173} INFO - big c: ช้างน้ำดื่ม
[2024-04-25 15:45:48,941] {bash.py:173} INFO - Low Score
[2024-04-25 15:45:48,941] {bash.py:173} INFO - 14
[2024-04-25 15:45:48,941] {bash.py:173} INFO - big c: บิ๊กซีเอชทูโอน้ำดื่มแบบถ้วย
[2024-04-25 15:45:48,942] {bash.py:173} INFO - Low Score
[2024-04-25 15:45:48,942] {bash.py:173} INFO - 15
[2024-04-25 15:45:48,942] {bash.py:173} INFO - big c: น้ำทิพย์น้ำดื่ม
[2024-04-25 15:45:48,942] {bash.py:173} INFO - Matching
[2024-04-25 15:45:48,942] {bash.py:173} INFO - 104
[2024-04-25 15:45:48,942] {bash.py:173} INFO - น้ำทิพย์น้ำดื่ม350มล.แพ็ค 12
[2024-04-25 15:45:48,942] {bash.py:173} INFO - 16
[2024-04-25 15:45:48,942] {bash.py:173} INFO - big c: สิงห์น้ำดื่มขวดเล็กคละแบบ
[2024-04-25 15:45:48,942] {bash.py:173} INFO - Low Score
[2024-04-25 15:45:48,943] {bash.py:173} INFO - 17
[2024-04-25 15:45:48,943] {bash.py:173} INFO - big c: มิเนเร่น้ำดื่มน้ำแร่ธรรมชาติ100%
[2024-04-25 15:45:48,943] {bash.py:173} INFO - Not Found
[2024-04-25 15:45:48,943] {bash.py:173} INFO - 18
[2024-04-25 15:45:48,943] {bash.py:173} INFO - big c: เนสท์เล่เพียวไลฟ์น้ำดื่ม
[2024-04-25 15:45:48,943] {bash.py:173} INFO - Low Score
[2024-04-25 15:45:48,943] {bash.py:173} INFO - 19
[2024-04-25 15:45:48,943] {bash.py:173} INFO - big c: บิ๊กซีแฮปปี้ไพรซ์โปรน้ำดื่ม
[2024-04-25 15:45:48,944] {bash.py:173} INFO - Low Score
[2024-04-25 15:45:48,944] {bash.py:173} INFO - 20
[2024-04-25 15:45:48,944] {bash.py:173} INFO - big c: น้ำทิพย์น้ำดื่ม
[2024-04-25 15:45:48,944] {bash.py:173} INFO - Matching
[2024-04-25 15:45:48,944] {bash.py:173} INFO - 12
[2024-04-25 15:45:48,944] {bash.py:173} INFO - น้ำทิพย์น้ำดื่ม550มล. แพ็ค 12
[2024-04-25 15:45:48,944] {bash.py:173} INFO - 21
[2024-04-25 15:45:48,944] {bash.py:173} INFO - big c: เปอริเอ้น้ำแร่ธรรมชาติชนิดมีฟอง
[2024-04-25 15:45:48,944] {bash.py:173} INFO - Low Score
[2024-04-25 15:45:48,945] {bash.py:173} INFO - 22
[2024-04-25 15:45:48,945] {bash.py:173} INFO - big c: ช้างน้ำดื่ม
[2024-04-25 15:45:48,945] {bash.py:173} INFO - Not Found
[2024-04-25 15:45:48,945] {bash.py:173} INFO - 23
[2024-04-25 15:45:48,945] {bash.py:173} INFO - big c: ช้างน้ำดื่ม
[2024-04-25 15:45:48,945] {bash.py:173} INFO - Low Score
[2024-04-25 15:45:48,945] {bash.py:173} INFO - 24
[2024-04-25 15:45:48,945] {bash.py:173} INFO - big c: มิเนเร่น้ำแร่ธรรมชาติ
[2024-04-25 15:45:48,945] {bash.py:173} INFO - Low Score
[2024-04-25 15:45:48,946] {bash.py:173} INFO - 25
[2024-04-25 15:45:48,946] {bash.py:173} INFO - big c: ซานเพลลีกรีโนน้ำแร่ธรรมชาติชนิดมีฟอง
[2024-04-25 15:45:48,946] {bash.py:173} INFO - Low Score
[2024-04-25 15:45:48,946] {bash.py:173} INFO - 26
[2024-04-25 15:45:48,946] {bash.py:173} INFO - big c: ซีทรูน้ำดื่ม
[2024-04-25 15:45:48,946] {bash.py:173} INFO - Matching
[2024-04-25 15:45:48,946] {bash.py:173} INFO - 39
[2024-04-25 15:45:48,946] {bash.py:173} INFO - ซีทรู น้ำดื่ม 620 มล. แพ็ค 12
[2024-04-25 15:45:48,946] {bash.py:173} INFO - 27
[2024-04-25 15:45:48,947] {bash.py:173} INFO - big c: บิ๊กซีเฮชทูโอน้ำดื่ม
[2024-04-25 15:45:48,947] {bash.py:173} INFO - Low Score
[2024-04-25 15:45:48,947] {bash.py:173} INFO - 28
[2024-04-25 15:45:48,947] {bash.py:173} INFO - big c: สิงห์น้ำดื่ม
[2024-04-25 15:45:48,947] {bash.py:173} INFO - Matching
[2024-04-25 15:45:48,947] {bash.py:173} INFO - 20
[2024-04-25 15:45:48,947] {bash.py:173} INFO - สิงห์น้ำดื่ม 6ล.
[2024-04-25 15:45:48,947] {bash.py:173} INFO - 29
[2024-04-25 15:45:48,948] {bash.py:173} INFO - big c: บิ๊กซีเฮชทูโอน้ำดื่ม
[2024-04-25 15:45:48,948] {bash.py:173} INFO - Not Found
[2024-04-25 15:45:48,948] {bash.py:173} INFO - 30
[2024-04-25 15:45:48,948] {bash.py:173} INFO - big c: คริสตัลน้ำดื่ม
[2024-04-25 15:45:48,948] {bash.py:173} INFO - Low Score
[2024-04-25 15:45:48,948] {bash.py:173} INFO - 31
[2024-04-25 15:45:48,948] {bash.py:173} INFO - big c: ช้างน้ำดื่ม
[2024-04-25 15:45:48,948] {bash.py:173} INFO - Low Score
[2024-04-25 15:45:48,948] {bash.py:173} INFO - 32
[2024-04-25 15:45:48,949] {bash.py:173} INFO - big c: เอเวียงน้ำแร่ธรรมชาติ
[2024-04-25 15:45:48,949] {bash.py:173} INFO - Matching
[2024-04-25 15:45:48,949] {bash.py:173} INFO - 9
[2024-04-25 15:45:48,949] {bash.py:173} INFO - เอเวียงน้ำแร่ธรรมชาติ 500 มล.แพ็ค 6ขวด
[2024-04-25 15:45:48,949] {bash.py:173} INFO - 33
[2024-04-25 15:45:48,949] {bash.py:173} INFO - big c: เพอร์ร่าน้ำแร่
[2024-04-25 15:45:48,949] {bash.py:173} INFO - Low Score
[2024-04-25 15:45:48,949] {bash.py:173} INFO - 34
[2024-04-25 15:45:48,949] {bash.py:173} INFO - big c: มิเนเร่น้ำดื่มน้ำแร่ธรรมชาติ
[2024-04-25 15:45:48,950] {bash.py:173} INFO - Low Score
[2024-04-25 15:45:48,950] {bash.py:173} INFO - 35
[2024-04-25 15:45:48,950] {bash.py:173} INFO - big c: ซีเบคน้ำด่างอัลคาไลน์pH8+
[2024-04-25 15:45:48,950] {bash.py:173} INFO - Low Score
[2024-04-25 15:45:48,950] {bash.py:173} INFO - 36
[2024-04-25 15:45:48,950] {bash.py:173} INFO - big c: ซานเพลลีกรีโนน้ำแร่ธรรมชาติชนิดมีฟอง
[2024-04-25 15:45:48,950] {bash.py:173} INFO - Low Score
[2024-04-25 15:45:48,950] {bash.py:173} INFO - 37
[2024-04-25 15:45:48,950] {bash.py:173} INFO - big c: เนสท์เล่เพียวไลฟ์น้ำดื่ม
[2024-04-25 15:45:48,950] {bash.py:173} INFO - Low Score
[2024-04-25 15:45:48,950] {bash.py:173} INFO - 38
[2024-04-25 15:45:48,951] {bash.py:173} INFO - big c: ซานเพลลีกรีโนน้ำแร่ธรรมชาติชนิดมีฟอง
[2024-04-25 15:45:48,951] {bash.py:173} INFO - Low Score
[2024-04-25 15:45:48,951] {bash.py:173} INFO - 39
[2024-04-25 15:45:48,951] {bash.py:173} INFO - big c: น้ำทิพย์น้ำดื่ม
[2024-04-25 15:45:48,951] {bash.py:173} INFO - Matching
[2024-04-25 15:45:48,951] {bash.py:173} INFO - 49
[2024-04-25 15:45:48,951] {bash.py:173} INFO - น้ำทิพย์ น้ำดื่ม 1500มล.
[2024-04-25 15:45:48,951] {bash.py:173} INFO - 40
[2024-04-25 15:45:48,951] {bash.py:173} INFO - big c: เวลล์สปริงน้ำแร่ธรรมชาติ
[2024-04-25 15:45:48,952] {bash.py:173} INFO - Low Score
[2024-04-25 15:45:48,952] {bash.py:173} INFO - 41
[2024-04-25 15:45:48,952] {bash.py:173} INFO - big c: บลูวัลเล่ย์น้ำแร่ธรรมชาติ100%
[2024-04-25 15:45:48,952] {bash.py:173} INFO - Low Score
[2024-04-25 15:45:48,952] {bash.py:173} INFO - 42
[2024-04-25 15:45:48,952] {bash.py:173} INFO - big c: เวลล์สปริงน้ำแร่ธรรมชาติ
[2024-04-25 15:45:48,952] {bash.py:173} INFO - Low Score
[2024-04-25 15:45:48,952] {bash.py:173} INFO - 43
[2024-04-25 15:45:48,952] {bash.py:173} INFO - big c: ช้างน้ำดื่ม
[2024-04-25 15:45:48,953] {bash.py:173} INFO - Low Score
[2024-04-25 15:45:48,953] {bash.py:173} INFO - 44
[2024-04-25 15:45:48,953] {bash.py:173} INFO - big c: สิงห์น้ำดื่ม
[2024-04-25 15:45:48,953] {bash.py:173} INFO - Low Score
[2024-04-25 15:45:48,953] {bash.py:173} INFO - 45
[2024-04-25 15:45:48,953] {bash.py:173} INFO - big c: บิ๊กซีเฮชทูโอน้ำดื่ม
[2024-04-25 15:45:48,953] {bash.py:173} INFO - Low Score
[2024-04-25 15:45:48,953] {bash.py:173} INFO - 46
[2024-04-25 15:45:48,954] {bash.py:173} INFO - big c: มองต์เฟลอน้ำแร่
[2024-04-25 15:45:48,954] {bash.py:173} INFO - Matching
[2024-04-25 15:45:48,954] {bash.py:173} INFO - 115
[2024-04-25 15:45:48,954] {bash.py:173} INFO - มองต์เฟลอ น้ำแร่ 330มล. แพ็ค 12
[2024-04-25 15:45:48,954] {bash.py:173} INFO - 47
[2024-04-25 15:45:48,954] {bash.py:173} INFO - big c: เนสท์เล่เพียวไลฟ์น้ำดื่มขวดเล็ก
[2024-04-25 15:45:48,954] {bash.py:173} INFO - Low Score
[2024-04-25 15:45:48,954] {bash.py:173} INFO - 48
[2024-04-25 15:45:48,955] {bash.py:173} INFO - big c: เพอร์ร่าน้ำแร่ธรรมชาติ100%
[2024-04-25 15:45:48,955] {bash.py:173} INFO - Matching
[2024-04-25 15:45:48,955] {bash.py:173} INFO - 14
[2024-04-25 15:45:48,955] {bash.py:173} INFO - เพอร์ร่าน้ำแร่ธรรมชาติ600มล. แพ็ค 12
[2024-04-25 15:45:48,955] {bash.py:173} INFO - 49
[2024-04-25 15:45:48,955] {bash.py:173} INFO - big c: มิเนเร่น้ำแร่ธรรมชาติ
[2024-04-25 15:45:48,955] {bash.py:173} INFO - Matching
[2024-04-25 15:45:48,955] {bash.py:173} INFO - 82
[2024-04-25 15:45:48,955] {bash.py:173} INFO - มิเนเร่ น้ำแร่ธรรมชาติ 750 มล. แพ็ค 12
[2024-04-25 15:45:48,956] {bash.py:173} INFO - 50
[2024-04-25 15:45:48,956] {bash.py:173} INFO - big c: บิ๊กซีเฮชทูโอน้ำดื่ม
[2024-04-25 15:45:48,956] {bash.py:173} INFO - Low Score
[2024-04-25 15:45:48,956] {bash.py:173} INFO - 51
[2024-04-25 15:45:48,956] {bash.py:173} INFO - big c: บิ๊กซีแฮปปี้ไพรซ์โปรน้ำดื่ม
[2024-04-25 15:45:48,956] {bash.py:173} INFO - Low Score
[2024-04-25 15:45:48,956] {bash.py:173} INFO - 52
[2024-04-25 15:45:48,956] {bash.py:173} INFO - big c: น้ำทิพย์น้ำดื่มขวด
[2024-04-25 15:45:48,956] {bash.py:173} INFO - Matching
[2024-04-25 15:45:48,957] {bash.py:173} INFO - 2
[2024-04-25 15:45:48,957] {bash.py:173} INFO - น้ำทิพย์น้ำดื่ม1500มล. แพ็ค 6
[2024-04-25 15:45:48,957] {bash.py:173} INFO - 53
[2024-04-25 15:45:48,957] {bash.py:173} INFO - big c: เนสท์เล่เพียวไลฟ์น้ำดื่ม
[2024-04-25 15:45:48,957] {bash.py:173} INFO - Low Score
[2024-04-25 15:45:48,957] {bash.py:173} INFO - 54
[2024-04-25 15:45:48,957] {bash.py:173} INFO - big c: ซีเบคน้ำด่างอัลคาไลน์pH8+
[2024-04-25 15:45:48,957] {bash.py:173} INFO - Not Found
[2024-04-25 15:45:48,958] {bash.py:173} INFO - 55
[2024-04-25 15:45:48,958] {bash.py:173} INFO - big c: น้ำทิพย์น้ำดื่ม
[2024-04-25 15:45:48,958] {bash.py:173} INFO - Matching
[2024-04-25 15:45:48,958] {bash.py:173} INFO - 53
[2024-04-25 15:45:48,958] {bash.py:173} INFO - น้ำทิพย์ น้ำดื่ม 550มล.
[2024-04-25 15:45:48,958] {bash.py:173} INFO - 56
[2024-04-25 15:45:48,958] {bash.py:173} INFO - big c: มองต์เฟลอน้ำแร่ธรรมชาติ100%
[2024-04-25 15:45:48,959] {bash.py:173} INFO - Low Score
[2024-04-25 15:45:48,959] {bash.py:173} INFO - 57
[2024-04-25 15:45:48,959] {bash.py:173} INFO - big c: เปอริเอ้น้ำแร่ธรรมชาติชนิดมีฟอง
[2024-04-25 15:45:48,959] {bash.py:173} INFO - Not Found
[2024-04-25 15:45:48,959] {bash.py:173} INFO - 58
[2024-04-25 15:45:48,959] {bash.py:173} INFO - big c: ซานเพลลีกรีโนน้ำแร่ธรรมชาติชนิดมีฟอง
[2024-04-25 15:45:48,959] {bash.py:173} INFO - Low Score
[2024-04-25 15:45:48,959] {bash.py:173} INFO - 59
[2024-04-25 15:45:48,960] {bash.py:173} INFO - big c: ซานเบเนเดตโตน้ำแร่ธรรมชาติชนิดมีฟอง
[2024-04-25 15:45:48,960] {bash.py:173} INFO - Low Score
[2024-04-25 15:45:48,960] {bash.py:173} INFO - 60
[2024-04-25 15:45:48,960] {bash.py:173} INFO - big c: เอเวียงน้ำแร่ธรรมชาติ
[2024-04-25 15:45:48,960] {bash.py:173} INFO - Low Score
[2024-04-25 15:45:48,960] {bash.py:173} INFO - 61
[2024-04-25 15:45:48,960] {bash.py:173} INFO - big c: ซิกตี้ดีกรีน้ำดื่มน้ำแร่ธรรมชาติ
[2024-04-25 15:45:48,960] {bash.py:173} INFO - Low Score
[2024-04-25 15:45:48,961] {bash.py:173} INFO - 62
[2024-04-25 15:45:48,961] {bash.py:173} INFO - big c: เพอร์ร่าน้ำแร่
[2024-04-25 15:45:48,961] {bash.py:173} INFO - Low Score
[2024-04-25 15:45:48,961] {bash.py:173} INFO - 63
[2024-04-25 15:45:48,961] {bash.py:173} INFO - big c: ออร่าน้ำแร่ธรรมชาติ
[2024-04-25 15:45:48,961] {bash.py:173} INFO - Not Found
[2024-04-25 15:45:48,961] {bash.py:173} INFO - 64
[2024-04-25 15:45:48,961] {bash.py:173} INFO - big c: บิ๊กซีแฮปปี้ไพรซ์โปรน้ำดื่ม
[2024-04-25 15:45:48,961] {bash.py:173} INFO - Not Found
[2024-04-25 15:45:48,962] {bash.py:173} INFO - 65
[2024-04-25 15:45:48,962] {bash.py:173} INFO - big c: ช้างน้ำแร่ธรรมชาติ
[2024-04-25 15:45:48,962] {bash.py:173} INFO - Not Found
[2024-04-25 15:45:48,962] {bash.py:173} INFO - 66
[2024-04-25 15:45:48,962] {bash.py:173} INFO - big c: ออร่าน้ำแร่ธรรมชาติ
[2024-04-25 15:45:48,962] {bash.py:173} INFO - Low Score
[2024-04-25 15:45:48,962] {bash.py:173} INFO - 67
[2024-04-25 15:45:48,962] {bash.py:173} INFO - big c: บิ๊กซีแฮปปี้ไพรซ์โปรน้ำดื่ม
[2024-04-25 15:45:48,962] {bash.py:173} INFO - Low Score
[2024-04-25 15:45:48,963] {bash.py:173} INFO - 68
[2024-04-25 15:45:48,963] {bash.py:173} INFO - big c: คริสตัลน้ำดื่ม
[2024-04-25 15:45:48,963] {bash.py:173} INFO - Low Score
[2024-04-25 15:45:48,963] {bash.py:173} INFO - 69
[2024-04-25 15:45:48,963] {bash.py:173} INFO - big c: มองต์เฟลอน้ำแร่
[2024-04-25 15:45:48,963] {bash.py:173} INFO - Matching
[2024-04-25 15:45:48,963] {bash.py:173} INFO - 119
[2024-04-25 15:45:48,963] {bash.py:173} INFO - มองต์เฟลอ น้ำแร่ 500มล. แพ็ค 12
[2024-04-25 15:45:48,963] {bash.py:173} INFO - 70
[2024-04-25 15:45:48,964] {bash.py:173} INFO - big c: มองต์เฟลอน้ำดื่มน้ำแร่ธรรมชาติ
[2024-04-25 15:45:48,964] {bash.py:173} INFO - Low Score
[2024-04-25 15:45:48,964] {bash.py:173} INFO - 71
[2024-04-25 15:45:48,964] {bash.py:173} INFO - big c: สิงห์น้ำดื่ม
[2024-04-25 15:45:48,964] {bash.py:173} INFO - Matching
[2024-04-25 15:45:48,964] {bash.py:173} INFO - 0
[2024-04-25 15:45:48,964] {bash.py:173} INFO - สิงห์น้ำดื่ม1500มล. แพ็ค 6
[2024-04-25 15:45:48,964] {bash.py:173} INFO - 72
[2024-04-25 15:45:48,965] {bash.py:173} INFO - big c: บลูวัลเล่ย์น้ำแร่ธรรมชาติ100%
[2024-04-25 15:45:48,965] {bash.py:173} INFO - Low Score
[2024-04-25 15:45:48,965] {bash.py:173} INFO - 73
[2024-04-25 15:45:48,965] {bash.py:173} INFO - big c: มองต์เฟลอน้ำแร่
[2024-04-25 15:45:48,965] {bash.py:173} INFO - Matching
[2024-04-25 15:45:48,965] {bash.py:173} INFO - 73
[2024-04-25 15:45:48,965] {bash.py:173} INFO - มองต์เฟลอ น้ำแร่ 500มล.
[2024-04-25 15:45:48,965] {bash.py:173} INFO - 74
[2024-04-25 15:45:48,966] {bash.py:173} INFO - big c: เนสท์เล่เพียวไลฟ์น้ำดื่ม
[2024-04-25 15:45:48,966] {bash.py:173} INFO - Low Score
[2024-04-25 15:45:48,966] {bash.py:173} INFO - 75
[2024-04-25 15:45:48,966] {bash.py:173} INFO - big c: คริสตัลน้ำดื่ม
[2024-04-25 15:45:48,966] {bash.py:173} INFO - Low Score
[2024-04-25 15:45:48,966] {bash.py:173} INFO - 76
[2024-04-25 15:45:48,966] {bash.py:173} INFO - big c: น้ำทิพย์น้ำดื่ม
[2024-04-25 15:45:48,966] {bash.py:173} INFO - Not Found
[2024-04-25 15:45:48,967] {bash.py:173} INFO - 77
[2024-04-25 15:45:48,967] {bash.py:173} INFO - big c: เปอริเอ้น้ำแร่ธรรมชาติชนิดอัดแก๊สแบบกระป๋อง
[2024-04-25 15:45:48,970] {bash.py:173} INFO - /opt/airflow/code/matching.py:78: SettingWithCopyWarning:
[2024-04-25 15:45:48,971] {bash.py:173} INFO - A value is trying to be set on a copy of a slice from a DataFrame
[2024-04-25 15:45:48,971] {bash.py:173} INFO - 
[2024-04-25 15:45:48,971] {bash.py:173} INFO - See the caveats in the documentation: https://pandas.pydata.org/pandas-docs/stable/user_guide/indexing.html#returning-a-view-versus-a-copy
[2024-04-25 15:45:48,971] {bash.py:173} INFO -   bigC_df['lotus_id'].loc[index] = id_list[score.index(max(score))]
[2024-04-25 15:45:48,971] {bash.py:173} INFO - Low Score
[2024-04-25 15:45:48,971] {bash.py:173} INFO - 78
[2024-04-25 15:45:48,971] {bash.py:173} INFO - big c: สิงห์น้ำดื่ม
[2024-04-25 15:45:48,971] {bash.py:173} INFO - Matching
[2024-04-25 15:45:48,971] {bash.py:173} INFO - 59
[2024-04-25 15:45:48,971] {bash.py:173} INFO - สิงห์น้ำดื่ม 1500มล.
[2024-04-25 15:45:48,972] {bash.py:173} INFO - 79
[2024-04-25 15:45:48,972] {bash.py:173} INFO - big c: อิชิตันน้ำด่างผสมวิตามินบีขวด
[2024-04-25 15:45:48,972] {bash.py:173} INFO - Matching
[2024-04-25 15:45:48,972] {bash.py:173} INFO - 124
[2024-04-25 15:45:48,972] {bash.py:173} INFO - อิชิตัน น้ำด่าง8.5 วิตามินบีรวม 550มล.X6
[2024-04-25 15:45:48,972] {bash.py:173} INFO - 80
[2024-04-25 15:45:48,972] {bash.py:173} INFO - big c: บิ๊กซีเอชทูโอน้ำดื่ม
[2024-04-25 15:45:48,973] {bash.py:173} INFO - Low Score
[2024-04-25 15:45:48,973] {bash.py:173} INFO - 81
[2024-04-25 15:45:48,973] {bash.py:173} INFO - big c: ช้างน้ำแร่ธรรมชาติ
[2024-04-25 15:45:48,973] {bash.py:173} INFO - Not Found
[2024-04-25 15:45:48,973] {bash.py:173} INFO - 82
[2024-04-25 15:45:48,973] {bash.py:173} INFO - big c: เพอร์ร่าน้ำแร่ธรรมชาติ100%
[2024-04-25 15:45:48,973] {bash.py:173} INFO - Low Score
[2024-04-25 15:45:48,974] {bash.py:173} INFO - 83
[2024-04-25 15:45:48,974] {bash.py:173} INFO - big c: บิ๊กซีเฮชทูโอน้ำดื่ม
[2024-04-25 15:45:48,974] {bash.py:173} INFO - Low Score
[2024-04-25 15:45:48,974] {bash.py:173} INFO - 84
[2024-04-25 15:45:48,974] {bash.py:173} INFO - big c: เนสท์เล่เพียวไลฟ์น้ำดื่ม
[2024-04-25 15:45:48,974] {bash.py:173} INFO - Low Score
[2024-04-25 15:45:48,974] {bash.py:173} INFO - 85
[2024-04-25 15:45:48,975] {bash.py:173} INFO - big c: สิงห์น้ำดื่ม
[2024-04-25 15:45:48,975] {bash.py:173} INFO - Matching
[2024-04-25 15:45:48,975] {bash.py:173} INFO - 11
[2024-04-25 15:45:48,975] {bash.py:173} INFO - สิงห์น้ำดื่ม600มล. แพ็ค 12
[2024-04-25 15:45:48,975] {bash.py:173} INFO - 86
[2024-04-25 15:45:48,976] {bash.py:173} INFO - big c: คาสิโนเครื่องดื่มน้ำแร่อัดก๊าซกลิ่นมะนาว
[2024-04-25 15:45:48,976] {bash.py:173} INFO - Low Score
[2024-04-25 15:45:48,976] {bash.py:173} INFO - 87
[2024-04-25 15:45:48,976] {bash.py:173} INFO - big c: คาสิโนเครื่องดื่มอัดก๊าซกลิ่นเลมอน
[2024-04-25 15:45:48,976] {bash.py:173} INFO - Low Score
[2024-04-25 15:45:48,977] {bash.py:173} INFO - 88
[2024-04-25 15:45:48,977] {bash.py:173} INFO - big c: ซานเพลลีกรีโนเครื่องดื่มน้ำแร่อัดก๊าซกลิ่นส้มและสตรอว์เบอร์รี่
[2024-04-25 15:45:48,977] {bash.py:173} INFO - Low Score
[2024-04-25 15:45:48,977] {bash.py:173} INFO - 89
[2024-04-25 15:45:48,977] {bash.py:173} INFO - big c: ซานเพลลีกรีโนเครื่องดื่มน้ำแร่อัดก๊าซกลิ่นเลมอน
[2024-04-25 15:45:48,977] {bash.py:173} INFO - Low Score
[2024-04-25 15:45:48,977] {bash.py:173} INFO - 90
[2024-04-25 15:45:48,978] {bash.py:173} INFO - big c: บิ๊กซีH2Oน้ำดื่ม
[2024-04-25 15:45:48,978] {bash.py:173} INFO - Low Score
[2024-04-25 15:45:48,978] {bash.py:173} INFO - 91
[2024-04-25 15:45:48,978] {bash.py:173} INFO - big c: บิ๊กซีH2Oน้ำดื่ม
[2024-04-25 15:45:48,978] {bash.py:173} INFO - Not Found
[2024-04-25 15:45:48,978] {bash.py:173} INFO - 92
[2024-04-25 15:45:48,978] {bash.py:173} INFO - big c: น้ำทิพย์น้ำดื่ม
[2024-04-25 15:45:48,978] {bash.py:173} INFO - Matching
[2024-04-25 15:45:48,979] {bash.py:173} INFO - 53
[2024-04-25 15:45:48,979] {bash.py:173} INFO - น้ำทิพย์ น้ำดื่ม 550มล.
[2024-04-25 15:45:48,979] {bash.py:173} INFO - 93
[2024-04-25 15:45:48,979] {bash.py:173} INFO - big c: บิ๊กซีแฮปปี้ไพรซ์โปรน้ำดื่ม
[2024-04-25 15:45:48,979] {bash.py:173} INFO - Low Score
[2024-04-25 15:45:48,979] {bash.py:173} INFO - 94
[2024-04-25 15:45:48,979] {bash.py:173} INFO - big c: บิ๊กซีแฮปปี้ไพรซ์โปรน้ำดื่ม
[2024-04-25 15:45:48,979] {bash.py:173} INFO - Low Score
[2024-04-25 15:45:48,980] {bash.py:173} INFO - 95
[2024-04-25 15:45:48,980] {bash.py:173} INFO - big c: น้ำทิพย์น้ำดื่ม
[2024-04-25 15:45:48,980] {bash.py:173} INFO - Matching
[2024-04-25 15:45:48,980] {bash.py:173} INFO - 12
[2024-04-25 15:45:48,980] {bash.py:173} INFO - น้ำทิพย์น้ำดื่ม550มล. แพ็ค 12
[2024-04-25 15:45:48,980] {bash.py:173} INFO - 96
[2024-04-25 15:45:48,981] {bash.py:173} INFO - big c: มองต์เฟลอน้ำดื่มน้ำแร่ธรรมชาติ
[2024-04-25 15:45:48,981] {bash.py:173} INFO - Low Score
[2024-04-25 15:45:48,981] {bash.py:173} INFO - 97
[2024-04-25 15:45:48,981] {bash.py:173} INFO - big c: คริสตัลน้ำดื่ม
[2024-04-25 15:45:48,981] {bash.py:173} INFO - Matching
[2024-04-25 15:45:48,981] {bash.py:173} INFO - 40
[2024-04-25 15:45:48,981] {bash.py:173} INFO - คริสตัลน้ำดื่ม 350มล. แพ็ค 12
[2024-04-25 15:45:48,982] {bash.py:173} INFO - 98
[2024-04-25 15:45:48,982] {bash.py:173} INFO - big c: บิ๊กซีแฮปปี้ไพรซ์โปรน้ำดื่ม
[2024-04-25 15:45:48,982] {bash.py:173} INFO - Low Score
[2024-04-25 15:45:48,982] {bash.py:173} INFO - 99
[2024-04-25 15:45:48,982] {bash.py:173} INFO - big c: บิ๊กซีH2Oน้ำดื่ม
[2024-04-25 15:45:48,982] {bash.py:173} INFO - Low Score
[2024-04-25 15:45:48,982] {bash.py:173} INFO - 100
[2024-04-25 15:45:48,982] {bash.py:173} INFO - big c: บิ๊กซีH2Oน้ำดื่ม
[2024-04-25 15:45:48,983] {bash.py:173} INFO - Low Score
[2024-04-25 15:45:48,983] {bash.py:173} INFO - 101
[2024-04-25 15:45:48,983] {bash.py:173} INFO - big c: ช้างน้ำดื่ม
[2024-04-25 15:45:48,983] {bash.py:173} INFO - Low Score
[2024-04-25 15:45:48,983] {bash.py:173} INFO - 102
[2024-04-25 15:45:48,983] {bash.py:173} INFO - big c: น้ำทิพย์น้ำดื่ม
[2024-04-25 15:45:48,983] {bash.py:173} INFO - Matching
[2024-04-25 15:45:48,984] {bash.py:173} INFO - 104
[2024-04-25 15:45:48,984] {bash.py:173} INFO - น้ำทิพย์น้ำดื่ม350มล.แพ็ค 12
[2024-04-25 15:45:48,984] {bash.py:173} INFO - 103
[2024-04-25 15:45:48,984] {bash.py:173} INFO - big c: น้ำทิพย์น้ำดื่ม
[2024-04-25 15:45:48,984] {bash.py:173} INFO - Matching
[2024-04-25 15:45:48,985] {bash.py:173} INFO - 2
[2024-04-25 15:45:48,985] {bash.py:173} INFO - น้ำทิพย์น้ำดื่ม1500มล. แพ็ค 6
[2024-04-25 15:45:48,985] {bash.py:173} INFO - 104
[2024-04-25 15:45:48,985] {bash.py:173} INFO - big c: บิ๊กซีแฮปปี้ไพรซ์โปรน้ำดื่ม
[2024-04-25 15:45:48,985] {bash.py:173} INFO - Low Score
[2024-04-25 15:45:48,985] {bash.py:173} INFO - 105
[2024-04-25 15:45:48,985] {bash.py:173} INFO - big c: บิ๊กซีแฮปปี้ไพรซ์โปรน้ำดื่ม
[2024-04-25 15:45:48,986] {bash.py:173} INFO - Low Score
[2024-04-25 15:45:48,986] {bash.py:173} INFO - 106
[2024-04-25 15:45:48,986] {bash.py:173} INFO - big c: บิ๊กซีH2Oน้ำดื่มแบบถ้วย
[2024-04-25 15:45:48,986] {bash.py:173} INFO - Low Score
[2024-04-25 15:45:48,986] {bash.py:173} INFO - 107
[2024-04-25 15:45:48,986] {bash.py:173} INFO - big c: มองต์เฟลอน้ำแร่
[2024-04-25 15:45:48,987] {bash.py:173} INFO - Matching
[2024-04-25 15:45:48,987] {bash.py:173} INFO - 115
[2024-04-25 15:45:48,987] {bash.py:173} INFO - มองต์เฟลอ น้ำแร่ 330มล. แพ็ค 12
[2024-04-25 15:45:48,987] {bash.py:173} INFO - 108
[2024-04-25 15:45:48,987] {bash.py:173} INFO - big c: บิ๊กซีแฮปปี้ไพรซ์โปรน้ำดื่ม
[2024-04-25 15:45:48,987] {bash.py:173} INFO - Not Found
[2024-04-25 15:45:48,987] {bash.py:173} INFO - 109
[2024-04-25 15:45:48,987] {bash.py:173} INFO - big c: รูนช์พรูเดลน้ำแร่ธรรมชาติชนิดมีฟอง
[2024-04-25 15:45:48,988] {bash.py:173} INFO - Low Score
[2024-04-25 15:45:48,988] {bash.py:173} INFO - 110
[2024-04-25 15:45:48,988] {bash.py:173} INFO - big c: บิ๊กซีแฮปปี้ไพรซ์โปรน้ำดื่ม
[2024-04-25 15:45:48,988] {bash.py:173} INFO - Low Score
[2024-04-25 15:45:48,988] {bash.py:173} INFO - 111
[2024-04-25 15:45:48,988] {bash.py:173} INFO - big c: บิ๊กซีเฮชทูโอน้ำดื่ม
[2024-04-25 15:45:48,988] {bash.py:173} INFO - Low Score
[2024-04-25 15:45:48,989] {bash.py:173} INFO - 112
[2024-04-25 15:45:48,989] {bash.py:173} INFO - big c: บิ๊กซีH2Oน้ำดื่มแบบถ้วย
[2024-04-25 15:45:48,989] {bash.py:173} INFO - Low Score
[2024-04-25 15:45:48,989] {bash.py:173} INFO - 113
[2024-04-25 15:45:48,989] {bash.py:173} INFO - big c: บิ๊กซีH2Oน้ำดื่ม
[2024-04-25 15:45:48,989] {bash.py:173} INFO - Low Score
[2024-04-25 15:45:48,989] {bash.py:173} INFO - 114
[2024-04-25 15:45:48,990] {bash.py:173} INFO - big c: บิ๊กซีH2Oน้ำดื่ม
[2024-04-25 15:45:48,990] {bash.py:173} INFO - Low Score
[2024-04-25 15:45:48,990] {bash.py:173} INFO - 115
[2024-04-25 15:45:48,990] {bash.py:173} INFO - big c: บิ๊กซีH2Oน้ำดื่ม
[2024-04-25 15:45:48,990] {bash.py:173} INFO - Low Score
[2024-04-25 15:45:48,990] {bash.py:173} INFO - 116
[2024-04-25 15:45:48,990] {bash.py:173} INFO - big c: สยามน้ำแข็งน้ำแข็งหลอด
[2024-04-25 15:45:48,990] {bash.py:173} INFO - Not Found
[2024-04-25 15:45:48,990] {bash.py:173} INFO - 117
[2024-04-25 15:45:48,991] {bash.py:173} INFO - big c: มองต์เฟลอน้ำแร่
[2024-04-25 15:45:48,991] {bash.py:173} INFO - Matching
[2024-04-25 15:45:48,991] {bash.py:173} INFO - 114
[2024-04-25 15:45:48,991] {bash.py:173} INFO - มองต์เฟลอ น้ำแร่ 5 ลิตร
[2024-04-25 15:45:48,991] {bash.py:173} INFO - 118
[2024-04-25 15:45:48,991] {bash.py:173} INFO - big c: คาสิโนเครื่องดื่มน้ำแร่อัดก๊าซกลิ่นเลมอน
[2024-04-25 15:45:48,991] {bash.py:173} INFO - Low Score
[2024-04-25 15:45:48,991] {bash.py:173} INFO - match found:27
[2024-04-25 15:45:48,992] {bash.py:173} INFO -      bigc_id  ... lotus_quantity
[2024-04-25 15:45:48,992] {bash.py:173} INFO - 1          1  ...           12.0
[2024-04-25 15:45:48,992] {bash.py:173} INFO - 3          3  ...            1.0
[2024-04-25 15:45:48,992] {bash.py:173} INFO - 7          7  ...            1.0
[2024-04-25 15:45:48,992] {bash.py:173} INFO - 15        15  ...           12.0
[2024-04-25 15:45:48,992] {bash.py:173} INFO - 20        20  ...           12.0
[2024-04-25 15:45:48,993] {bash.py:173} INFO - 26        26  ...           12.0
[2024-04-25 15:45:48,993] {bash.py:173} INFO - 28        28  ...            1.0
[2024-04-25 15:45:48,993] {bash.py:173} INFO - 32        32  ...            6.0
[2024-04-25 15:45:48,993] {bash.py:173} INFO - 39        39  ...            1.0
[2024-04-25 15:45:48,993] {bash.py:173} INFO - 46        46  ...           12.0
[2024-04-25 15:45:48,993] {bash.py:173} INFO - 48        48  ...           12.0
[2024-04-25 15:45:48,993] {bash.py:173} INFO - 49        49  ...           12.0
[2024-04-25 15:45:48,993] {bash.py:173} INFO - 52        52  ...            6.0
[2024-04-25 15:45:48,994] {bash.py:173} INFO - 55        55  ...            1.0
[2024-04-25 15:45:48,994] {bash.py:173} INFO - 69        69  ...           12.0
[2024-04-25 15:45:48,994] {bash.py:173} INFO - 71        71  ...            6.0
[2024-04-25 15:45:48,994] {bash.py:173} INFO - 73        73  ...            1.0
[2024-04-25 15:45:48,994] {bash.py:173} INFO - 78        78  ...            1.0
[2024-04-25 15:45:48,994] {bash.py:173} INFO - 79        79  ...            6.0
[2024-04-25 15:45:48,994] {bash.py:173} INFO - 85        85  ...           12.0
[2024-04-25 15:45:48,995] {bash.py:173} INFO - 92        92  ...            1.0
[2024-04-25 15:45:48,995] {bash.py:173} INFO - 95        95  ...           12.0
[2024-04-25 15:45:48,995] {bash.py:173} INFO - 97        97  ...           12.0
[2024-04-25 15:45:48,995] {bash.py:173} INFO - 102      102  ...           12.0
[2024-04-25 15:45:48,995] {bash.py:173} INFO - 103      103  ...            6.0
[2024-04-25 15:45:48,995] {bash.py:173} INFO - 107      107  ...           12.0
[2024-04-25 15:45:48,995] {bash.py:173} INFO - 117      117  ...            1.0
[2024-04-25 15:45:48,995] {bash.py:173} INFO - 
[2024-04-25 15:45:48,995] {bash.py:173} INFO - [27 rows x 11 columns]
[2024-04-25 15:45:49,002] {bash.py:177} INFO - Command exited with return code 0
[2024-04-25 15:45:49,022] {taskinstance.py:1142} INFO - Marking task as SUCCESS. dag_id=scraping_water_comparision, task_id=matching_sku, execution_date=20240425T154024, start_date=20240425T154548, end_date=20240425T154549
[2024-04-25 15:45:49,040] {taskinstance.py:1195} INFO - 0 downstream tasks scheduled from follow-on schedule check
[2024-04-25 15:45:49,081] {local_task_job.py:118} INFO - Task exited with return code 0
